<?xml version="1.0" encoding="UTF-8"?>
<testsuite xmlns:xsi="http://www.w3.org/2001/XMLSchema-instance" xsi:noNamespaceSchemaLocation="https://maven.apache.org/surefire/maven-surefire-plugin/xsd/surefire-test-report.xsd" name="com.drugs.TestMainVerticle" time="0.381" tests="1" errors="0" skipped="0" failures="0">
  <properties>
    <property name="sun.desktop" value="gnome"/>
    <property name="awt.toolkit" value="sun.awt.X11.XToolkit"/>
    <property name="java.specification.version" value="11"/>
    <property name="sun.cpu.isalist" value=""/>
    <property name="sun.jnu.encoding" value="UTF-8"/>
    <property name="java.class.path" value="/home/wei/Dev/github/dpd-vertx-service/target/test-classes:/home/wei/Dev/github/dpd-vertx-service/target/classes:/home/wei/.m2/repository/io/vertx/vertx-web/3.9.1/vertx-web-3.9.1.jar:/home/wei/.m2/repository/io/vertx/vertx-web-common/3.9.1/vertx-web-common-3.9.1.jar:/home/wei/.m2/repository/io/vertx/vertx-auth-common/3.9.1/vertx-auth-common-3.9.1.jar:/home/wei/.m2/repository/io/vertx/vertx-bridge-common/3.9.1/vertx-bridge-common-3.9.1.jar:/home/wei/.m2/repository/io/vertx/vertx-core/3.9.1/vertx-core-3.9.1.jar:/home/wei/.m2/repository/io/netty/netty-common/4.1.49.Final/netty-common-4.1.49.Final.jar:/home/wei/.m2/repository/io/netty/netty-buffer/4.1.49.Final/netty-buffer-4.1.49.Final.jar:/home/wei/.m2/repository/io/netty/netty-transport/4.1.49.Final/netty-transport-4.1.49.Final.jar:/home/wei/.m2/repository/io/netty/netty-handler/4.1.49.Final/netty-handler-4.1.49.Final.jar:/home/wei/.m2/repository/io/netty/netty-codec/4.1.49.Final/netty-codec-4.1.49.Final.jar:/home/wei/.m2/repository/io/netty/netty-handler-proxy/4.1.49.Final/netty-handler-proxy-4.1.49.Final.jar:/home/wei/.m2/repository/io/netty/netty-codec-socks/4.1.49.Final/netty-codec-socks-4.1.49.Final.jar:/home/wei/.m2/repository/io/netty/netty-codec-http/4.1.49.Final/netty-codec-http-4.1.49.Final.jar:/home/wei/.m2/repository/io/netty/netty-codec-http2/4.1.49.Final/netty-codec-http2-4.1.49.Final.jar:/home/wei/.m2/repository/io/netty/netty-resolver/4.1.49.Final/netty-resolver-4.1.49.Final.jar:/home/wei/.m2/repository/io/netty/netty-resolver-dns/4.1.49.Final/netty-resolver-dns-4.1.49.Final.jar:/home/wei/.m2/repository/io/netty/netty-codec-dns/4.1.49.Final/netty-codec-dns-4.1.49.Final.jar:/home/wei/.m2/repository/com/fasterxml/jackson/core/jackson-core/2.10.2/jackson-core-2.10.2.jar:/home/wei/.m2/repository/com/fasterxml/jackson/core/jackson-databind/2.10.2/jackson-databind-2.10.2.jar:/home/wei/.m2/repository/io/vertx/vertx-web-api-contract/3.9.1/vertx-web-api-contract-3.9.1.jar:/home/wei/.m2/repository/com/networknt/json-schema-validator/1.0.31/json-schema-validator-1.0.31.jar:/home/wei/.m2/repository/org/slf4j/slf4j-api/1.7.25/slf4j-api-1.7.25.jar:/home/wei/.m2/repository/org/apache/commons/commons-lang3/3.5/commons-lang3-3.5.jar:/home/wei/.m2/repository/io/swagger/parser/v3/swagger-parser-v3/2.0.14/swagger-parser-v3-2.0.14.jar:/home/wei/.m2/repository/io/swagger/core/v3/swagger-models/2.0.9/swagger-models-2.0.9.jar:/home/wei/.m2/repository/io/swagger/core/v3/swagger-core/2.0.9/swagger-core-2.0.9.jar:/home/wei/.m2/repository/javax/xml/bind/jaxb-api/2.3.0/jaxb-api-2.3.0.jar:/home/wei/.m2/repository/com/fasterxml/jackson/datatype/jackson-datatype-jsr310/2.9.9/jackson-datatype-jsr310-2.9.9.jar:/home/wei/.m2/repository/io/swagger/core/v3/swagger-annotations/2.0.9/swagger-annotations-2.0.9.jar:/home/wei/.m2/repository/javax/validation/validation-api/1.1.0.Final/validation-api-1.1.0.Final.jar:/home/wei/.m2/repository/io/swagger/parser/v3/swagger-parser-core/2.0.14/swagger-parser-core-2.0.14.jar:/home/wei/.m2/repository/commons-io/commons-io/2.4/commons-io-2.4.jar:/home/wei/.m2/repository/com/fasterxml/jackson/core/jackson-annotations/2.10.2/jackson-annotations-2.10.2.jar:/home/wei/.m2/repository/com/fasterxml/jackson/dataformat/jackson-dataformat-yaml/2.10.2/jackson-dataformat-yaml-2.10.2.jar:/home/wei/.m2/repository/org/yaml/snakeyaml/1.24/snakeyaml-1.24.jar:/home/wei/.m2/repository/io/vertx/vertx-mongo-client/3.9.1/vertx-mongo-client-3.9.1.jar:/home/wei/.m2/repository/org/mongodb/mongodb-driver-async/3.10.1/mongodb-driver-async-3.10.1.jar:/home/wei/.m2/repository/org/mongodb/bson/3.10.1/bson-3.10.1.jar:/home/wei/.m2/repository/org/mongodb/mongodb-driver-core/3.10.1/mongodb-driver-core-3.10.1.jar:/home/wei/.m2/repository/io/vertx/vertx-auth-mongo/3.9.1/vertx-auth-mongo-3.9.1.jar:/home/wei/.m2/repository/io/vertx/vertx-junit5/3.9.1/vertx-junit5-3.9.1.jar:/home/wei/.m2/repository/io/vertx/vertx-rx-java/3.9.1/vertx-rx-java-3.9.1.jar:/home/wei/.m2/repository/io/reactivex/rxjava/1.3.8/rxjava-1.3.8.jar:/home/wei/.m2/repository/io/vertx/vertx-rx-gen/3.9.1/vertx-rx-gen-3.9.1.jar:/home/wei/.m2/repository/io/vertx/vertx-codegen/3.9.1/vertx-codegen-3.9.1.jar:/home/wei/.m2/repository/org/mvel/mvel2/2.3.1.Final/mvel2-2.3.1.Final.jar:/home/wei/.m2/repository/io/vertx/vertx-rx-java2/3.9.1/vertx-rx-java2-3.9.1.jar:/home/wei/.m2/repository/io/reactivex/rxjava2/rxjava/2.2.12/rxjava-2.2.12.jar:/home/wei/.m2/repository/org/reactivestreams/reactive-streams/1.0.3/reactive-streams-1.0.3.jar:/home/wei/.m2/repository/org/junit/jupiter/junit-jupiter-api/5.4.0/junit-jupiter-api-5.4.0.jar:/home/wei/.m2/repository/org/apiguardian/apiguardian-api/1.0.0/apiguardian-api-1.0.0.jar:/home/wei/.m2/repository/org/opentest4j/opentest4j/1.1.1/opentest4j-1.1.1.jar:/home/wei/.m2/repository/org/junit/platform/junit-platform-commons/1.4.0/junit-platform-commons-1.4.0.jar:/home/wei/.m2/repository/org/junit/jupiter/junit-jupiter-engine/5.4.0/junit-jupiter-engine-5.4.0.jar:/home/wei/.m2/repository/org/junit/platform/junit-platform-engine/1.4.0/junit-platform-engine-1.4.0.jar:"/>
    <property name="java.vm.vendor" value="Oracle Corporation"/>
    <property name="sun.arch.data.model" value="64"/>
    <property name="java.vendor.url" value="http://java.oracle.com/"/>
    <property name="user.timezone" value=""/>
    <property name="java.vm.specification.version" value="11"/>
    <property name="os.name" value="Linux"/>
    <property name="sun.java.launcher" value="SUN_STANDARD"/>
    <property name="user.country" value="US"/>
    <property name="sun.boot.library.path" value="/usr/lib/jvm/java-11-openjdk-11.0.7.10-1.el8_1.x86_64/lib"/>
    <property name="sun.java.command" value="/home/wei/Dev/github/dpd-vertx-service/target/surefire/surefirebooter1087873191932312785.jar /home/wei/Dev/github/dpd-vertx-service/target/surefire 2020-07-15T21-12-25_865-jvmRun1 surefire16726190816000570tmp surefire_04822519444537151466tmp"/>
    <property name="jdk.debug" value="release"/>
    <property name="surefire.test.class.path" value="/home/wei/Dev/github/dpd-vertx-service/target/test-classes:/home/wei/Dev/github/dpd-vertx-service/target/classes:/home/wei/.m2/repository/io/vertx/vertx-web/3.9.1/vertx-web-3.9.1.jar:/home/wei/.m2/repository/io/vertx/vertx-web-common/3.9.1/vertx-web-common-3.9.1.jar:/home/wei/.m2/repository/io/vertx/vertx-auth-common/3.9.1/vertx-auth-common-3.9.1.jar:/home/wei/.m2/repository/io/vertx/vertx-bridge-common/3.9.1/vertx-bridge-common-3.9.1.jar:/home/wei/.m2/repository/io/vertx/vertx-core/3.9.1/vertx-core-3.9.1.jar:/home/wei/.m2/repository/io/netty/netty-common/4.1.49.Final/netty-common-4.1.49.Final.jar:/home/wei/.m2/repository/io/netty/netty-buffer/4.1.49.Final/netty-buffer-4.1.49.Final.jar:/home/wei/.m2/repository/io/netty/netty-transport/4.1.49.Final/netty-transport-4.1.49.Final.jar:/home/wei/.m2/repository/io/netty/netty-handler/4.1.49.Final/netty-handler-4.1.49.Final.jar:/home/wei/.m2/repository/io/netty/netty-codec/4.1.49.Final/netty-codec-4.1.49.Final.jar:/home/wei/.m2/repository/io/netty/netty-handler-proxy/4.1.49.Final/netty-handler-proxy-4.1.49.Final.jar:/home/wei/.m2/repository/io/netty/netty-codec-socks/4.1.49.Final/netty-codec-socks-4.1.49.Final.jar:/home/wei/.m2/repository/io/netty/netty-codec-http/4.1.49.Final/netty-codec-http-4.1.49.Final.jar:/home/wei/.m2/repository/io/netty/netty-codec-http2/4.1.49.Final/netty-codec-http2-4.1.49.Final.jar:/home/wei/.m2/repository/io/netty/netty-resolver/4.1.49.Final/netty-resolver-4.1.49.Final.jar:/home/wei/.m2/repository/io/netty/netty-resolver-dns/4.1.49.Final/netty-resolver-dns-4.1.49.Final.jar:/home/wei/.m2/repository/io/netty/netty-codec-dns/4.1.49.Final/netty-codec-dns-4.1.49.Final.jar:/home/wei/.m2/repository/com/fasterxml/jackson/core/jackson-core/2.10.2/jackson-core-2.10.2.jar:/home/wei/.m2/repository/com/fasterxml/jackson/core/jackson-databind/2.10.2/jackson-databind-2.10.2.jar:/home/wei/.m2/repository/io/vertx/vertx-web-api-contract/3.9.1/vertx-web-api-contract-3.9.1.jar:/home/wei/.m2/repository/com/networknt/json-schema-validator/1.0.31/json-schema-validator-1.0.31.jar:/home/wei/.m2/repository/org/slf4j/slf4j-api/1.7.25/slf4j-api-1.7.25.jar:/home/wei/.m2/repository/org/apache/commons/commons-lang3/3.5/commons-lang3-3.5.jar:/home/wei/.m2/repository/io/swagger/parser/v3/swagger-parser-v3/2.0.14/swagger-parser-v3-2.0.14.jar:/home/wei/.m2/repository/io/swagger/core/v3/swagger-models/2.0.9/swagger-models-2.0.9.jar:/home/wei/.m2/repository/io/swagger/core/v3/swagger-core/2.0.9/swagger-core-2.0.9.jar:/home/wei/.m2/repository/javax/xml/bind/jaxb-api/2.3.0/jaxb-api-2.3.0.jar:/home/wei/.m2/repository/com/fasterxml/jackson/datatype/jackson-datatype-jsr310/2.9.9/jackson-datatype-jsr310-2.9.9.jar:/home/wei/.m2/repository/io/swagger/core/v3/swagger-annotations/2.0.9/swagger-annotations-2.0.9.jar:/home/wei/.m2/repository/javax/validation/validation-api/1.1.0.Final/validation-api-1.1.0.Final.jar:/home/wei/.m2/repository/io/swagger/parser/v3/swagger-parser-core/2.0.14/swagger-parser-core-2.0.14.jar:/home/wei/.m2/repository/commons-io/commons-io/2.4/commons-io-2.4.jar:/home/wei/.m2/repository/com/fasterxml/jackson/core/jackson-annotations/2.10.2/jackson-annotations-2.10.2.jar:/home/wei/.m2/repository/com/fasterxml/jackson/dataformat/jackson-dataformat-yaml/2.10.2/jackson-dataformat-yaml-2.10.2.jar:/home/wei/.m2/repository/org/yaml/snakeyaml/1.24/snakeyaml-1.24.jar:/home/wei/.m2/repository/io/vertx/vertx-mongo-client/3.9.1/vertx-mongo-client-3.9.1.jar:/home/wei/.m2/repository/org/mongodb/mongodb-driver-async/3.10.1/mongodb-driver-async-3.10.1.jar:/home/wei/.m2/repository/org/mongodb/bson/3.10.1/bson-3.10.1.jar:/home/wei/.m2/repository/org/mongodb/mongodb-driver-core/3.10.1/mongodb-driver-core-3.10.1.jar:/home/wei/.m2/repository/io/vertx/vertx-auth-mongo/3.9.1/vertx-auth-mongo-3.9.1.jar:/home/wei/.m2/repository/io/vertx/vertx-junit5/3.9.1/vertx-junit5-3.9.1.jar:/home/wei/.m2/repository/io/vertx/vertx-rx-java/3.9.1/vertx-rx-java-3.9.1.jar:/home/wei/.m2/repository/io/reactivex/rxjava/1.3.8/rxjava-1.3.8.jar:/home/wei/.m2/repository/io/vertx/vertx-rx-gen/3.9.1/vertx-rx-gen-3.9.1.jar:/home/wei/.m2/repository/io/vertx/vertx-codegen/3.9.1/vertx-codegen-3.9.1.jar:/home/wei/.m2/repository/org/mvel/mvel2/2.3.1.Final/mvel2-2.3.1.Final.jar:/home/wei/.m2/repository/io/vertx/vertx-rx-java2/3.9.1/vertx-rx-java2-3.9.1.jar:/home/wei/.m2/repository/io/reactivex/rxjava2/rxjava/2.2.12/rxjava-2.2.12.jar:/home/wei/.m2/repository/org/reactivestreams/reactive-streams/1.0.3/reactive-streams-1.0.3.jar:/home/wei/.m2/repository/org/junit/jupiter/junit-jupiter-api/5.4.0/junit-jupiter-api-5.4.0.jar:/home/wei/.m2/repository/org/apiguardian/apiguardian-api/1.0.0/apiguardian-api-1.0.0.jar:/home/wei/.m2/repository/org/opentest4j/opentest4j/1.1.1/opentest4j-1.1.1.jar:/home/wei/.m2/repository/org/junit/platform/junit-platform-commons/1.4.0/junit-platform-commons-1.4.0.jar:/home/wei/.m2/repository/org/junit/jupiter/junit-jupiter-engine/5.4.0/junit-jupiter-engine-5.4.0.jar:/home/wei/.m2/repository/org/junit/platform/junit-platform-engine/1.4.0/junit-platform-engine-1.4.0.jar:"/>
    <property name="sun.cpu.endian" value="little"/>
    <property name="user.home" value="/home/wei"/>
    <property name="user.language" value="en"/>
    <property name="java.specification.vendor" value="Oracle Corporation"/>
    <property name="java.version.date" value="2020-04-14"/>
    <property name="java.home" value="/usr/lib/jvm/java-11-openjdk-11.0.7.10-1.el8_1.x86_64"/>
    <property name="file.separator" value="/"/>
    <property name="basedir" value="/home/wei/Dev/github/dpd-vertx-service"/>
    <property name="java.vm.compressedOopsMode" value="Zero based"/>
    <property name="line.separator" value="&#10;"/>
    <property name="java.specification.name" value="Java Platform API Specification"/>
    <property name="java.vm.specification.vendor" value="Oracle Corporation"/>
    <property name="java.awt.graphicsenv" value="sun.awt.X11GraphicsEnvironment"/>
    <property name="surefire.real.class.path" value="/home/wei/Dev/github/dpd-vertx-service/target/surefire/surefirebooter1087873191932312785.jar"/>
    <property name="sun.management.compiler" value="HotSpot 64-Bit Tiered Compilers"/>
    <property name="java.runtime.version" value="11.0.7+10-LTS"/>
    <property name="user.name" value="wei"/>
    <property name="path.separator" value=":"/>
    <property name="os.version" value="4.18.0-147.8.1.el8_1.x86_64"/>
    <property name="java.runtime.name" value="OpenJDK Runtime Environment"/>
    <property name="file.encoding" value="UTF-8"/>
    <property name="java.vm.name" value="OpenJDK 64-Bit Server VM"/>
    <property name="java.vendor.version" value="18.9"/>
    <property name="localRepository" value="/home/wei/.m2/repository"/>
    <property name="java.vendor.url.bug" value="http://bugreport.java.com/bugreport/"/>
    <property name="java.io.tmpdir" value="/tmp"/>
    <property name="java.version" value="11.0.7"/>
    <property name="user.dir" value="/home/wei/Dev/github/dpd-vertx-service"/>
    <property name="os.arch" value="amd64"/>
    <property name="java.vm.specification.name" value="Java Virtual Machine Specification"/>
    <property name="java.awt.printerjob" value="sun.print.PSPrinterJob"/>
    <property name="sun.os.patch.level" value="unknown"/>
    <property name="java.library.path" value="/usr/java/packages/lib:/usr/lib64:/lib64:/lib:/usr/lib"/>
    <property name="java.vendor" value="Oracle Corporation"/>
    <property name="java.vm.info" value="mixed mode, sharing"/>
    <property name="java.vm.version" value="11.0.7+10-LTS"/>
    <property name="sun.io.unicode.encoding" value="UnicodeLittle"/>
    <property name="java.class.version" value="55.0"/>
  </properties>
  <testcase name="verticle_deployed{Vertx, VertxTestContext}" classname="com.drugs.TestMainVerticle" time="0.378"/>
</testsuite>